<?xml version="1.0" encoding="UTF-8"?>
<testng-results ignored="0" total="1" passed="1" failed="0" skipped="0">
  <reporter-output>
  </reporter-output>
  <suite started-at="2022-12-12T18:31:13 IST" name="Default suite" finished-at="2022-12-12T18:31:16 IST" duration-ms="3075">
    <groups>
      <group name="one">
        <method signature="c1.t1()[pri:0, instance:pack1.c1@2cd76f31]" name="t1" class="pack1.c1"/>
      </group> <!-- one -->
    </groups>
    <test started-at="2022-12-12T18:31:13 IST" name="Default test" finished-at="2022-12-12T18:31:16 IST" duration-ms="3075">
      <class name="pack1.c1">
        <test-method signature="t1()[pri:0, instance:pack1.c1@2cd76f31]" started-at="2022-12-12T18:31:13 IST" name="t1" finished-at="2022-12-12T18:31:16 IST" duration-ms="3051" status="PASS">
          <reporter-output>
          </reporter-output>
        </test-method> <!-- t1 -->
      </class> <!-- pack1.c1 -->
    </test> <!-- Default test -->
  </suite> <!-- Default suite -->
</testng-results>
